

*******************************************************************************
Tue Feb 16 11:17:54 2021


FIT:    data read from 'lin-reg.txt'
        format = z
        #datapoints = 100
        residuals are weighted equally (unit weight)

function used for fitting: f(x)
	f(x) = a * x + b
fitted parameters initialized with current variable values

iter      chisq       delta/lim  lambda   a             b            
   0 5.0161113303e+03   0.00e+00  4.09e+00    1.000000e+00   1.000000e+00
   3 1.3985909270e+02  -7.94e-01  4.09e-03   -5.740802e-01   3.473082e+00

After 3 iterations the fit converged.
final sum of squares of residuals : 139.859
rel. change during last iteration : -7.93554e-06

degrees of freedom    (FIT_NDF)                        : 98
rms of residuals      (FIT_STDFIT) = sqrt(WSSR/ndf)    : 1.19463
variance of residuals (reduced chisquare) = WSSR/ndf   : 1.42713

Final set of parameters            Asymptotic Standard Error
=======================            ==========================
a               = -0.57408         +/- 0.04014      (6.992%)
b               = 3.47308          +/- 0.2288       (6.587%)

correlation matrix of the fit parameters:
                a      b      
a               1.000 
b              -0.853  1.000 


*******************************************************************************
Tue Feb 16 13:13:50 2021


FIT:    data read from 'lin-reg.txt'
        format = z
        #datapoints = 100
        residuals are weighted equally (unit weight)

function used for fitting: f(x)
	f(x) = a * x + b
fitted parameters initialized with current variable values

iter      chisq       delta/lim  lambda   a             b            
   0 5.0161113303e+03   0.00e+00  4.09e+00    1.000000e+00   1.000000e+00
   3 1.3985909270e+02  -7.94e-01  4.09e-03   -5.740802e-01   3.473082e+00

After 3 iterations the fit converged.
final sum of squares of residuals : 139.859
rel. change during last iteration : -7.93554e-06

degrees of freedom    (FIT_NDF)                        : 98
rms of residuals      (FIT_STDFIT) = sqrt(WSSR/ndf)    : 1.19463
variance of residuals (reduced chisquare) = WSSR/ndf   : 1.42713

Final set of parameters            Asymptotic Standard Error
=======================            ==========================
a               = -0.57408         +/- 0.04014      (6.992%)
b               = 3.47308          +/- 0.2288       (6.587%)

correlation matrix of the fit parameters:
                a      b      
a               1.000 
b              -0.853  1.000 


*******************************************************************************
Tue Feb 16 13:16:14 2021


FIT:    data read from 'lin-reg.txt'
        format = z
        #datapoints = 100
        residuals are weighted equally (unit weight)

function used for fitting: f(x)
	f(x) = a * x + b
fitted parameters initialized with current variable values

iter      chisq       delta/lim  lambda   a             b            
   0 5.0161113303e+03   0.00e+00  4.09e+00    1.000000e+00   1.000000e+00
   3 1.3985909270e+02  -7.94e-01  4.09e-03   -5.740802e-01   3.473082e+00

After 3 iterations the fit converged.
final sum of squares of residuals : 139.859
rel. change during last iteration : -7.93554e-06

degrees of freedom    (FIT_NDF)                        : 98
rms of residuals      (FIT_STDFIT) = sqrt(WSSR/ndf)    : 1.19463
variance of residuals (reduced chisquare) = WSSR/ndf   : 1.42713

Final set of parameters            Asymptotic Standard Error
=======================            ==========================
a               = -0.57408         +/- 0.04014      (6.992%)
b               = 3.47308          +/- 0.2288       (6.587%)

correlation matrix of the fit parameters:
                a      b      
a               1.000 
b              -0.853  1.000 


*******************************************************************************
Tue Feb 16 13:28:53 2021


FIT:    data read from 'lin-reg.txt'
        format = z
        #datapoints = 100
        residuals are weighted equally (unit weight)

function used for fitting: f(x)
	f(x) = a * x + b
fitted parameters initialized with current variable values

iter      chisq       delta/lim  lambda   a             b            
   0 5.0161113303e+03   0.00e+00  4.09e+00    1.000000e+00   1.000000e+00
   3 1.3985909270e+02  -7.94e-01  4.09e-03   -5.740802e-01   3.473082e+00

After 3 iterations the fit converged.
final sum of squares of residuals : 139.859
rel. change during last iteration : -7.93554e-06

degrees of freedom    (FIT_NDF)                        : 98
rms of residuals      (FIT_STDFIT) = sqrt(WSSR/ndf)    : 1.19463
variance of residuals (reduced chisquare) = WSSR/ndf   : 1.42713

Final set of parameters            Asymptotic Standard Error
=======================            ==========================
a               = -0.57408         +/- 0.04014      (6.992%)
b               = 3.47308          +/- 0.2288       (6.587%)

correlation matrix of the fit parameters:
                a      b      
a               1.000 
b              -0.853  1.000 


*******************************************************************************
Tue Feb 16 13:30:08 2021


FIT:    data read from 'lin-reg.txt'
        format = z
        #datapoints = 100
        residuals are weighted equally (unit weight)

function used for fitting: f(x)
	f(x) = a * x + b
fitted parameters initialized with current variable values

iter      chisq       delta/lim  lambda   a             b            
   0 5.0161113303e+03   0.00e+00  4.09e+00    1.000000e+00   1.000000e+00
   3 1.3985909270e+02  -7.94e-01  4.09e-03   -5.740802e-01   3.473082e+00

After 3 iterations the fit converged.
final sum of squares of residuals : 139.859
rel. change during last iteration : -7.93554e-06

degrees of freedom    (FIT_NDF)                        : 98
rms of residuals      (FIT_STDFIT) = sqrt(WSSR/ndf)    : 1.19463
variance of residuals (reduced chisquare) = WSSR/ndf   : 1.42713

Final set of parameters            Asymptotic Standard Error
=======================            ==========================
a               = -0.57408         +/- 0.04014      (6.992%)
b               = 3.47308          +/- 0.2288       (6.587%)

correlation matrix of the fit parameters:
                a      b      
a               1.000 
b              -0.853  1.000 


*******************************************************************************
Tue Feb 16 13:32:34 2021


FIT:    data read from 'lin-reg.txt'
        format = z
        #datapoints = 100
        residuals are weighted equally (unit weight)

function used for fitting: f(x)
	f(x) = a * x + b
fitted parameters initialized with current variable values

iter      chisq       delta/lim  lambda   a             b            
   0 5.0161113303e+03   0.00e+00  4.09e+00    1.000000e+00   1.000000e+00
   3 1.3985909270e+02  -7.94e-01  4.09e-03   -5.740802e-01   3.473082e+00

After 3 iterations the fit converged.
final sum of squares of residuals : 139.859
rel. change during last iteration : -7.93554e-06

degrees of freedom    (FIT_NDF)                        : 98
rms of residuals      (FIT_STDFIT) = sqrt(WSSR/ndf)    : 1.19463
variance of residuals (reduced chisquare) = WSSR/ndf   : 1.42713

Final set of parameters            Asymptotic Standard Error
=======================            ==========================
a               = -0.57408         +/- 0.04014      (6.992%)
b               = 3.47308          +/- 0.2288       (6.587%)

correlation matrix of the fit parameters:
                a      b      
a               1.000 
b              -0.853  1.000 


*******************************************************************************
Tue Feb 16 13:35:28 2021


FIT:    data read from 'lin-reg.txt'
        format = z
        #datapoints = 100
        residuals are weighted equally (unit weight)

function used for fitting: f(x)
	f(x) = a * x + b
fitted parameters initialized with current variable values

iter      chisq       delta/lim  lambda   a             b            
   0 5.0161113303e+03   0.00e+00  4.09e+00    1.000000e+00   1.000000e+00
   3 1.3985909270e+02  -7.94e-01  4.09e-03   -5.740802e-01   3.473082e+00

After 3 iterations the fit converged.
final sum of squares of residuals : 139.859
rel. change during last iteration : -7.93554e-06

degrees of freedom    (FIT_NDF)                        : 98
rms of residuals      (FIT_STDFIT) = sqrt(WSSR/ndf)    : 1.19463
variance of residuals (reduced chisquare) = WSSR/ndf   : 1.42713

Final set of parameters            Asymptotic Standard Error
=======================            ==========================
a               = -0.57408         +/- 0.04014      (6.992%)
b               = 3.47308          +/- 0.2288       (6.587%)

correlation matrix of the fit parameters:
                a      b      
a               1.000 
b              -0.853  1.000 


*******************************************************************************
Tue Feb 16 13:36:08 2021


FIT:    data read from 'lin-reg.txt'
        format = z
        #datapoints = 100
        residuals are weighted equally (unit weight)

function used for fitting: f(x)
	f(x) = a * x + b
fitted parameters initialized with current variable values

iter      chisq       delta/lim  lambda   a             b            
   0 5.0161113303e+03   0.00e+00  4.09e+00    1.000000e+00   1.000000e+00
   3 1.3985909270e+02  -7.94e-01  4.09e-03   -5.740802e-01   3.473082e+00

After 3 iterations the fit converged.
final sum of squares of residuals : 139.859
rel. change during last iteration : -7.93554e-06

degrees of freedom    (FIT_NDF)                        : 98
rms of residuals      (FIT_STDFIT) = sqrt(WSSR/ndf)    : 1.19463
variance of residuals (reduced chisquare) = WSSR/ndf   : 1.42713

Final set of parameters            Asymptotic Standard Error
=======================            ==========================
a               = -0.57408         +/- 0.04014      (6.992%)
b               = 3.47308          +/- 0.2288       (6.587%)

correlation matrix of the fit parameters:
                a      b      
a               1.000 
b              -0.853  1.000 


*******************************************************************************
Tue Feb 16 13:37:00 2021


FIT:    data read from 'lin-reg.txt'
        format = z
        #datapoints = 100
        residuals are weighted equally (unit weight)

function used for fitting: f(x)
	f(x) = a * x + b
fitted parameters initialized with current variable values

iter      chisq       delta/lim  lambda   a             b            
   0 5.0161113303e+03   0.00e+00  4.09e+00    1.000000e+00   1.000000e+00
   3 1.3985909270e+02  -7.94e-01  4.09e-03   -5.740802e-01   3.473082e+00

After 3 iterations the fit converged.
final sum of squares of residuals : 139.859
rel. change during last iteration : -7.93554e-06

degrees of freedom    (FIT_NDF)                        : 98
rms of residuals      (FIT_STDFIT) = sqrt(WSSR/ndf)    : 1.19463
variance of residuals (reduced chisquare) = WSSR/ndf   : 1.42713

Final set of parameters            Asymptotic Standard Error
=======================            ==========================
a               = -0.57408         +/- 0.04014      (6.992%)
b               = 3.47308          +/- 0.2288       (6.587%)

correlation matrix of the fit parameters:
                a      b      
a               1.000 
b              -0.853  1.000 


*******************************************************************************
Tue Feb 16 13:37:16 2021


FIT:    data read from 'lin-reg.txt'
        format = z
        #datapoints = 100
        residuals are weighted equally (unit weight)

function used for fitting: f(x)
	f(x) = a * x + b
fitted parameters initialized with current variable values

iter      chisq       delta/lim  lambda   a             b            
   0 5.0161113303e+03   0.00e+00  4.09e+00    1.000000e+00   1.000000e+00
   3 1.3985909270e+02  -7.94e-01  4.09e-03   -5.740802e-01   3.473082e+00

After 3 iterations the fit converged.
final sum of squares of residuals : 139.859
rel. change during last iteration : -7.93554e-06

degrees of freedom    (FIT_NDF)                        : 98
rms of residuals      (FIT_STDFIT) = sqrt(WSSR/ndf)    : 1.19463
variance of residuals (reduced chisquare) = WSSR/ndf   : 1.42713

Final set of parameters            Asymptotic Standard Error
=======================            ==========================
a               = -0.57408         +/- 0.04014      (6.992%)
b               = 3.47308          +/- 0.2288       (6.587%)

correlation matrix of the fit parameters:
                a      b      
a               1.000 
b              -0.853  1.000 


*******************************************************************************
Tue Feb 16 13:37:54 2021


FIT:    data read from 'lin-reg.txt'
        format = z
        #datapoints = 100
        residuals are weighted equally (unit weight)

function used for fitting: f(x)
	f(x) = a * x + b
fitted parameters initialized with current variable values

iter      chisq       delta/lim  lambda   a             b            
   0 5.0161113303e+03   0.00e+00  4.09e+00    1.000000e+00   1.000000e+00
   3 1.3985909270e+02  -7.94e-01  4.09e-03   -5.740802e-01   3.473082e+00

After 3 iterations the fit converged.
final sum of squares of residuals : 139.859
rel. change during last iteration : -7.93554e-06

degrees of freedom    (FIT_NDF)                        : 98
rms of residuals      (FIT_STDFIT) = sqrt(WSSR/ndf)    : 1.19463
variance of residuals (reduced chisquare) = WSSR/ndf   : 1.42713

Final set of parameters            Asymptotic Standard Error
=======================            ==========================
a               = -0.57408         +/- 0.04014      (6.992%)
b               = 3.47308          +/- 0.2288       (6.587%)

correlation matrix of the fit parameters:
                a      b      
a               1.000 
b              -0.853  1.000 


*******************************************************************************
Tue Feb 16 13:38:42 2021


FIT:    data read from 'lin-reg.txt'
        format = z
        #datapoints = 100
        residuals are weighted equally (unit weight)

function used for fitting: f(x)
	f(x) = a * x + b
fitted parameters initialized with current variable values

iter      chisq       delta/lim  lambda   a             b            
   0 5.0161113303e+03   0.00e+00  4.09e+00    1.000000e+00   1.000000e+00
   3 1.3985909270e+02  -7.94e-01  4.09e-03   -5.740802e-01   3.473082e+00

After 3 iterations the fit converged.
final sum of squares of residuals : 139.859
rel. change during last iteration : -7.93554e-06

degrees of freedom    (FIT_NDF)                        : 98
rms of residuals      (FIT_STDFIT) = sqrt(WSSR/ndf)    : 1.19463
variance of residuals (reduced chisquare) = WSSR/ndf   : 1.42713

Final set of parameters            Asymptotic Standard Error
=======================            ==========================
a               = -0.57408         +/- 0.04014      (6.992%)
b               = 3.47308          +/- 0.2288       (6.587%)

correlation matrix of the fit parameters:
                a      b      
a               1.000 
b              -0.853  1.000 


*******************************************************************************
Tue Feb 16 13:39:14 2021


FIT:    data read from 'lin-reg.txt'
        format = z
        #datapoints = 100
        residuals are weighted equally (unit weight)

function used for fitting: f(x)
	f(x) = a * x + b
fitted parameters initialized with current variable values

iter      chisq       delta/lim  lambda   a             b            
   0 5.0161113303e+03   0.00e+00  4.09e+00    1.000000e+00   1.000000e+00
   3 1.3985909270e+02  -7.94e-01  4.09e-03   -5.740802e-01   3.473082e+00

After 3 iterations the fit converged.
final sum of squares of residuals : 139.859
rel. change during last iteration : -7.93554e-06

degrees of freedom    (FIT_NDF)                        : 98
rms of residuals      (FIT_STDFIT) = sqrt(WSSR/ndf)    : 1.19463
variance of residuals (reduced chisquare) = WSSR/ndf   : 1.42713

Final set of parameters            Asymptotic Standard Error
=======================            ==========================
a               = -0.57408         +/- 0.04014      (6.992%)
b               = 3.47308          +/- 0.2288       (6.587%)

correlation matrix of the fit parameters:
                a      b      
a               1.000 
b              -0.853  1.000 


*******************************************************************************
Tue Feb 16 13:39:42 2021


FIT:    data read from 'lin-reg.txt'
        format = z
        #datapoints = 100
        residuals are weighted equally (unit weight)

function used for fitting: f(x)
	f(x) = a * x + b
fitted parameters initialized with current variable values

iter      chisq       delta/lim  lambda   a             b            
   0 5.0161113303e+03   0.00e+00  4.09e+00    1.000000e+00   1.000000e+00
   3 1.3985909270e+02  -7.94e-01  4.09e-03   -5.740802e-01   3.473082e+00

After 3 iterations the fit converged.
final sum of squares of residuals : 139.859
rel. change during last iteration : -7.93554e-06

degrees of freedom    (FIT_NDF)                        : 98
rms of residuals      (FIT_STDFIT) = sqrt(WSSR/ndf)    : 1.19463
variance of residuals (reduced chisquare) = WSSR/ndf   : 1.42713

Final set of parameters            Asymptotic Standard Error
=======================            ==========================
a               = -0.57408         +/- 0.04014      (6.992%)
b               = 3.47308          +/- 0.2288       (6.587%)

correlation matrix of the fit parameters:
                a      b      
a               1.000 
b              -0.853  1.000 


*******************************************************************************
Tue Feb 16 13:40:00 2021


FIT:    data read from 'lin-reg.txt'
        format = z
        #datapoints = 100
        residuals are weighted equally (unit weight)

function used for fitting: f(x)
	f(x) = a * x + b
fitted parameters initialized with current variable values

iter      chisq       delta/lim  lambda   a             b            
   0 5.0161113303e+03   0.00e+00  4.09e+00    1.000000e+00   1.000000e+00
   3 1.3985909270e+02  -7.94e-01  4.09e-03   -5.740802e-01   3.473082e+00

After 3 iterations the fit converged.
final sum of squares of residuals : 139.859
rel. change during last iteration : -7.93554e-06

degrees of freedom    (FIT_NDF)                        : 98
rms of residuals      (FIT_STDFIT) = sqrt(WSSR/ndf)    : 1.19463
variance of residuals (reduced chisquare) = WSSR/ndf   : 1.42713

Final set of parameters            Asymptotic Standard Error
=======================            ==========================
a               = -0.57408         +/- 0.04014      (6.992%)
b               = 3.47308          +/- 0.2288       (6.587%)

correlation matrix of the fit parameters:
                a      b      
a               1.000 
b              -0.853  1.000 


*******************************************************************************
Tue Feb 16 13:40:12 2021


FIT:    data read from 'lin-reg.txt'
        format = z
        #datapoints = 100
        residuals are weighted equally (unit weight)

function used for fitting: f(x)
	f(x) = a * x + b
fitted parameters initialized with current variable values

iter      chisq       delta/lim  lambda   a             b            
   0 5.0161113303e+03   0.00e+00  4.09e+00    1.000000e+00   1.000000e+00
   3 1.3985909270e+02  -7.94e-01  4.09e-03   -5.740802e-01   3.473082e+00

After 3 iterations the fit converged.
final sum of squares of residuals : 139.859
rel. change during last iteration : -7.93554e-06

degrees of freedom    (FIT_NDF)                        : 98
rms of residuals      (FIT_STDFIT) = sqrt(WSSR/ndf)    : 1.19463
variance of residuals (reduced chisquare) = WSSR/ndf   : 1.42713

Final set of parameters            Asymptotic Standard Error
=======================            ==========================
a               = -0.57408         +/- 0.04014      (6.992%)
b               = 3.47308          +/- 0.2288       (6.587%)

correlation matrix of the fit parameters:
                a      b      
a               1.000 
b              -0.853  1.000 


*******************************************************************************
Tue Feb 16 13:41:27 2021


FIT:    data read from 'lin-reg.txt'
        format = z
        #datapoints = 100
        residuals are weighted equally (unit weight)

function used for fitting: f(x)
	f(x) = a * x + b
fitted parameters initialized with current variable values

iter      chisq       delta/lim  lambda   a             b            
   0 5.0161113303e+03   0.00e+00  4.09e+00    1.000000e+00   1.000000e+00
   3 1.3985909270e+02  -7.94e-01  4.09e-03   -5.740802e-01   3.473082e+00

After 3 iterations the fit converged.
final sum of squares of residuals : 139.859
rel. change during last iteration : -7.93554e-06

degrees of freedom    (FIT_NDF)                        : 98
rms of residuals      (FIT_STDFIT) = sqrt(WSSR/ndf)    : 1.19463
variance of residuals (reduced chisquare) = WSSR/ndf   : 1.42713

Final set of parameters            Asymptotic Standard Error
=======================            ==========================
a               = -0.57408         +/- 0.04014      (6.992%)
b               = 3.47308          +/- 0.2288       (6.587%)

correlation matrix of the fit parameters:
                a      b      
a               1.000 
b              -0.853  1.000 


*******************************************************************************
Tue Feb 16 14:01:04 2021


FIT:    data read from 'lin-reg.txt'
        format = z
        #datapoints = 100
        residuals are weighted equally (unit weight)

function used for fitting: f(x)
	f(x) = a * x + b
fitted parameters initialized with current variable values

iter      chisq       delta/lim  lambda   a             b            
   0 5.0161113303e+03   0.00e+00  4.09e+00    1.000000e+00   1.000000e+00
   3 1.3985909270e+02  -7.94e-01  4.09e-03   -5.740802e-01   3.473082e+00

After 3 iterations the fit converged.
final sum of squares of residuals : 139.859
rel. change during last iteration : -7.93554e-06

degrees of freedom    (FIT_NDF)                        : 98
rms of residuals      (FIT_STDFIT) = sqrt(WSSR/ndf)    : 1.19463
variance of residuals (reduced chisquare) = WSSR/ndf   : 1.42713

Final set of parameters            Asymptotic Standard Error
=======================            ==========================
a               = -0.57408         +/- 0.04014      (6.992%)
b               = 3.47308          +/- 0.2288       (6.587%)

correlation matrix of the fit parameters:
                a      b      
a               1.000 
b              -0.853  1.000 
