

*******************************************************************************
Tue Feb 16 11:15:49 2021


FIT:    data read from 'lin-reg.txt'
        format = z
        #datapoints = 100
        residuals are weighted equally (unit weight)

function used for fitting: f(x)
	f(x) = a * x + b
fitted parameters initialized with current variable values

iter      chisq       delta/lim  lambda   a             b            
   0 5.0161113303e+03   0.00e+00  4.09e+00    1.000000e+00   1.000000e+00
   3 1.3985909270e+02  -7.94e-01  4.09e-03   -5.740802e-01   3.473082e+00

After 3 iterations the fit converged.
final sum of squares of residuals : 139.859
rel. change during last iteration : -7.93554e-06

degrees of freedom    (FIT_NDF)                        : 98
rms of residuals      (FIT_STDFIT) = sqrt(WSSR/ndf)    : 1.19463
variance of residuals (reduced chisquare) = WSSR/ndf   : 1.42713

Final set of parameters            Asymptotic Standard Error
=======================            ==========================
a               = -0.57408         +/- 0.04014      (6.992%)
b               = 3.47308          +/- 0.2288       (6.587%)

correlation matrix of the fit parameters:
                a      b      
a               1.000 
b              -0.853  1.000 


*******************************************************************************
Tue Feb 16 11:17:19 2021


FIT:    data read from 'lin-reg.txt'
        format = z
        #datapoints = 100
        residuals are weighted equally (unit weight)

function used for fitting: f(x)
	f(x) = a * x + b
fitted parameters initialized with current variable values

iter      chisq       delta/lim  lambda   a             b            
   0 5.0161113303e+03   0.00e+00  4.09e+00    1.000000e+00   1.000000e+00
   3 1.3985909270e+02  -7.94e-01  4.09e-03   -5.740802e-01   3.473082e+00

After 3 iterations the fit converged.
final sum of squares of residuals : 139.859
rel. change during last iteration : -7.93554e-06

degrees of freedom    (FIT_NDF)                        : 98
rms of residuals      (FIT_STDFIT) = sqrt(WSSR/ndf)    : 1.19463
variance of residuals (reduced chisquare) = WSSR/ndf   : 1.42713

Final set of parameters            Asymptotic Standard Error
=======================            ==========================
a               = -0.57408         +/- 0.04014      (6.992%)
b               = 3.47308          +/- 0.2288       (6.587%)

correlation matrix of the fit parameters:
                a      b      
a               1.000 
b              -0.853  1.000 


*******************************************************************************
Tue Feb 16 11:22:34 2021


FIT:    data read from 'lin-reg.txt'
        format = z
        #datapoints = 100
        residuals are weighted equally (unit weight)

function used for fitting: f(x)
	f(x) = a * x + b
fitted parameters initialized with current variable values

iter      chisq       delta/lim  lambda   a             b            
   0 5.0161113303e+03   0.00e+00  4.09e+00    1.000000e+00   1.000000e+00
   3 1.3985909270e+02  -7.94e-01  4.09e-03   -5.740802e-01   3.473082e+00

After 3 iterations the fit converged.
final sum of squares of residuals : 139.859
rel. change during last iteration : -7.93554e-06

degrees of freedom    (FIT_NDF)                        : 98
rms of residuals      (FIT_STDFIT) = sqrt(WSSR/ndf)    : 1.19463
variance of residuals (reduced chisquare) = WSSR/ndf   : 1.42713

Final set of parameters            Asymptotic Standard Error
=======================            ==========================
a               = -0.57408         +/- 0.04014      (6.992%)
b               = 3.47308          +/- 0.2288       (6.587%)

correlation matrix of the fit parameters:
                a      b      
a               1.000 
b              -0.853  1.000 


*******************************************************************************
Tue Feb 16 11:22:48 2021


FIT:    data read from 'lin-reg.txt'
        format = z
        #datapoints = 100
        residuals are weighted equally (unit weight)

function used for fitting: f(x)
	f(x) = a * x + b
fitted parameters initialized with current variable values

iter      chisq       delta/lim  lambda   a             b            
   0 5.0161113303e+03   0.00e+00  4.09e+00    1.000000e+00   1.000000e+00
   3 1.3985909270e+02  -7.94e-01  4.09e-03   -5.740802e-01   3.473082e+00

After 3 iterations the fit converged.
final sum of squares of residuals : 139.859
rel. change during last iteration : -7.93554e-06

degrees of freedom    (FIT_NDF)                        : 98
rms of residuals      (FIT_STDFIT) = sqrt(WSSR/ndf)    : 1.19463
variance of residuals (reduced chisquare) = WSSR/ndf   : 1.42713

Final set of parameters            Asymptotic Standard Error
=======================            ==========================
a               = -0.57408         +/- 0.04014      (6.992%)
b               = 3.47308          +/- 0.2288       (6.587%)

correlation matrix of the fit parameters:
                a      b      
a               1.000 
b              -0.853  1.000 


*******************************************************************************
Tue Feb 16 11:37:32 2021


FIT:    data read from 'lin-reg.txt'
        format = z
        #datapoints = 100
        residuals are weighted equally (unit weight)

function used for fitting: f(x)
	f(x) = a * x + b
fitted parameters initialized with current variable values

iter      chisq       delta/lim  lambda   a             b            
   0 5.0161113303e+03   0.00e+00  4.09e+00    1.000000e+00   1.000000e+00
   3 1.3985909270e+02  -7.94e-01  4.09e-03   -5.740802e-01   3.473082e+00

After 3 iterations the fit converged.
final sum of squares of residuals : 139.859
rel. change during last iteration : -7.93554e-06

degrees of freedom    (FIT_NDF)                        : 98
rms of residuals      (FIT_STDFIT) = sqrt(WSSR/ndf)    : 1.19463
variance of residuals (reduced chisquare) = WSSR/ndf   : 1.42713

Final set of parameters            Asymptotic Standard Error
=======================            ==========================
a               = -0.57408         +/- 0.04014      (6.992%)
b               = 3.47308          +/- 0.2288       (6.587%)

correlation matrix of the fit parameters:
                a      b      
a               1.000 
b              -0.853  1.000 


*******************************************************************************
Tue Feb 16 13:03:45 2021


FIT:    data read from 'lin-reg.txt'
        format = z
        #datapoints = 100
        residuals are weighted equally (unit weight)

function used for fitting: f(x)
	f(x) = a * x + b
fitted parameters initialized with current variable values

iter      chisq       delta/lim  lambda   a             b            
   0 5.0161113303e+03   0.00e+00  4.09e+00    1.000000e+00   1.000000e+00
   3 1.3985909270e+02  -7.94e-01  4.09e-03   -5.740802e-01   3.473082e+00

After 3 iterations the fit converged.
final sum of squares of residuals : 139.859
rel. change during last iteration : -7.93554e-06

degrees of freedom    (FIT_NDF)                        : 98
rms of residuals      (FIT_STDFIT) = sqrt(WSSR/ndf)    : 1.19463
variance of residuals (reduced chisquare) = WSSR/ndf   : 1.42713

Final set of parameters            Asymptotic Standard Error
=======================            ==========================
a               = -0.57408         +/- 0.04014      (6.992%)
b               = 3.47308          +/- 0.2288       (6.587%)

correlation matrix of the fit parameters:
                a      b      
a               1.000 
b              -0.853  1.000 


*******************************************************************************
Tue Feb 16 13:05:38 2021


FIT:    data read from 'lin-reg.txt'
        format = z
        #datapoints = 100
        residuals are weighted equally (unit weight)

function used for fitting: f(x)
	f(x) = a * x + b
fitted parameters initialized with current variable values

iter      chisq       delta/lim  lambda   a             b            
   0 5.0161113303e+03   0.00e+00  4.09e+00    1.000000e+00   1.000000e+00
   3 1.3985909270e+02  -7.94e-01  4.09e-03   -5.740802e-01   3.473082e+00

After 3 iterations the fit converged.
final sum of squares of residuals : 139.859
rel. change during last iteration : -7.93554e-06

degrees of freedom    (FIT_NDF)                        : 98
rms of residuals      (FIT_STDFIT) = sqrt(WSSR/ndf)    : 1.19463
variance of residuals (reduced chisquare) = WSSR/ndf   : 1.42713

Final set of parameters            Asymptotic Standard Error
=======================            ==========================
a               = -0.57408         +/- 0.04014      (6.992%)
b               = 3.47308          +/- 0.2288       (6.587%)

correlation matrix of the fit parameters:
                a      b      
a               1.000 
b              -0.853  1.000 


*******************************************************************************
Tue Feb 16 13:06:49 2021


FIT:    data read from 'lin-reg.txt'
        format = z
        #datapoints = 100
        residuals are weighted equally (unit weight)

function used for fitting: f(x)
	f(x) = a * x + b
fitted parameters initialized with current variable values

iter      chisq       delta/lim  lambda   a             b            
   0 5.0161113303e+03   0.00e+00  4.09e+00    1.000000e+00   1.000000e+00
   3 1.3985909270e+02  -7.94e-01  4.09e-03   -5.740802e-01   3.473082e+00

After 3 iterations the fit converged.
final sum of squares of residuals : 139.859
rel. change during last iteration : -7.93554e-06

degrees of freedom    (FIT_NDF)                        : 98
rms of residuals      (FIT_STDFIT) = sqrt(WSSR/ndf)    : 1.19463
variance of residuals (reduced chisquare) = WSSR/ndf   : 1.42713

Final set of parameters            Asymptotic Standard Error
=======================            ==========================
a               = -0.57408         +/- 0.04014      (6.992%)
b               = 3.47308          +/- 0.2288       (6.587%)

correlation matrix of the fit parameters:
                a      b      
a               1.000 
b              -0.853  1.000 


*******************************************************************************
Tue Feb 16 13:07:45 2021


FIT:    data read from 'lin-reg.txt'
        format = z
        #datapoints = 100
        residuals are weighted equally (unit weight)

function used for fitting: f(x)
	f(x) = a * x + b
fitted parameters initialized with current variable values

iter      chisq       delta/lim  lambda   a             b            
   0 5.0161113303e+03   0.00e+00  4.09e+00    1.000000e+00   1.000000e+00
   3 1.3985909270e+02  -7.94e-01  4.09e-03   -5.740802e-01   3.473082e+00

After 3 iterations the fit converged.
final sum of squares of residuals : 139.859
rel. change during last iteration : -7.93554e-06

degrees of freedom    (FIT_NDF)                        : 98
rms of residuals      (FIT_STDFIT) = sqrt(WSSR/ndf)    : 1.19463
variance of residuals (reduced chisquare) = WSSR/ndf   : 1.42713

Final set of parameters            Asymptotic Standard Error
=======================            ==========================
a               = -0.57408         +/- 0.04014      (6.992%)
b               = 3.47308          +/- 0.2288       (6.587%)

correlation matrix of the fit parameters:
                a      b      
a               1.000 
b              -0.853  1.000 


*******************************************************************************
Tue Feb 16 13:08:39 2021


FIT:    data read from 'lin-reg.txt'
        format = z
        #datapoints = 100
        residuals are weighted equally (unit weight)

function used for fitting: f(x)
	f(x) = a * x + b
fitted parameters initialized with current variable values

iter      chisq       delta/lim  lambda   a             b            
   0 5.0161113303e+03   0.00e+00  4.09e+00    1.000000e+00   1.000000e+00
   3 1.3985909270e+02  -7.94e-01  4.09e-03   -5.740802e-01   3.473082e+00

After 3 iterations the fit converged.
final sum of squares of residuals : 139.859
rel. change during last iteration : -7.93554e-06

degrees of freedom    (FIT_NDF)                        : 98
rms of residuals      (FIT_STDFIT) = sqrt(WSSR/ndf)    : 1.19463
variance of residuals (reduced chisquare) = WSSR/ndf   : 1.42713

Final set of parameters            Asymptotic Standard Error
=======================            ==========================
a               = -0.57408         +/- 0.04014      (6.992%)
b               = 3.47308          +/- 0.2288       (6.587%)

correlation matrix of the fit parameters:
                a      b      
a               1.000 
b              -0.853  1.000 


*******************************************************************************
Tue Feb 16 13:28:14 2021


FIT:    data read from 'lin-reg.txt'
        format = z
        #datapoints = 100
        residuals are weighted equally (unit weight)

function used for fitting: f(x)
	f(x) = a * x + b
fitted parameters initialized with current variable values

iter      chisq       delta/lim  lambda   a             b            
   0 5.0161113303e+03   0.00e+00  4.09e+00    1.000000e+00   1.000000e+00
   3 1.3985909270e+02  -7.94e-01  4.09e-03   -5.740802e-01   3.473082e+00

After 3 iterations the fit converged.
final sum of squares of residuals : 139.859
rel. change during last iteration : -7.93554e-06

degrees of freedom    (FIT_NDF)                        : 98
rms of residuals      (FIT_STDFIT) = sqrt(WSSR/ndf)    : 1.19463
variance of residuals (reduced chisquare) = WSSR/ndf   : 1.42713

Final set of parameters            Asymptotic Standard Error
=======================            ==========================
a               = -0.57408         +/- 0.04014      (6.992%)
b               = 3.47308          +/- 0.2288       (6.587%)

correlation matrix of the fit parameters:
                a      b      
a               1.000 
b              -0.853  1.000 


*******************************************************************************
Tue Feb 16 13:28:36 2021


FIT:    data read from 'lin-reg.txt'
        format = z
        #datapoints = 100
        residuals are weighted equally (unit weight)

function used for fitting: f(x)
	f(x) = a * x + b
fitted parameters initialized with current variable values

iter      chisq       delta/lim  lambda   a             b            
   0 5.0161113303e+03   0.00e+00  4.09e+00    1.000000e+00   1.000000e+00
   3 1.3985909270e+02  -7.94e-01  4.09e-03   -5.740802e-01   3.473082e+00

After 3 iterations the fit converged.
final sum of squares of residuals : 139.859
rel. change during last iteration : -7.93554e-06

degrees of freedom    (FIT_NDF)                        : 98
rms of residuals      (FIT_STDFIT) = sqrt(WSSR/ndf)    : 1.19463
variance of residuals (reduced chisquare) = WSSR/ndf   : 1.42713

Final set of parameters            Asymptotic Standard Error
=======================            ==========================
a               = -0.57408         +/- 0.04014      (6.992%)
b               = 3.47308          +/- 0.2288       (6.587%)

correlation matrix of the fit parameters:
                a      b      
a               1.000 
b              -0.853  1.000 


*******************************************************************************
Tue Feb 16 13:33:32 2021


FIT:    data read from 'lin-reg.txt'
        format = z
        #datapoints = 100
        residuals are weighted equally (unit weight)

function used for fitting: f(x)
	f(x) = a * x + b
fitted parameters initialized with current variable values

iter      chisq       delta/lim  lambda   a             b            
   0 5.0161113303e+03   0.00e+00  4.09e+00    1.000000e+00   1.000000e+00
   3 1.3985909270e+02  -7.94e-01  4.09e-03   -5.740802e-01   3.473082e+00

After 3 iterations the fit converged.
final sum of squares of residuals : 139.859
rel. change during last iteration : -7.93554e-06

degrees of freedom    (FIT_NDF)                        : 98
rms of residuals      (FIT_STDFIT) = sqrt(WSSR/ndf)    : 1.19463
variance of residuals (reduced chisquare) = WSSR/ndf   : 1.42713

Final set of parameters            Asymptotic Standard Error
=======================            ==========================
a               = -0.57408         +/- 0.04014      (6.992%)
b               = 3.47308          +/- 0.2288       (6.587%)

correlation matrix of the fit parameters:
                a      b      
a               1.000 
b              -0.853  1.000 


*******************************************************************************
Tue Feb 16 13:42:34 2021


FIT:    data read from 'lin-reg.txt'
        format = z
        #datapoints = 100
        residuals are weighted equally (unit weight)

function used for fitting: f(x)
	f(x) = a * x + b
fitted parameters initialized with current variable values

iter      chisq       delta/lim  lambda   a             b            
   0 5.0161113303e+03   0.00e+00  4.09e+00    1.000000e+00   1.000000e+00
   3 1.3985909270e+02  -7.94e-01  4.09e-03   -5.740802e-01   3.473082e+00

After 3 iterations the fit converged.
final sum of squares of residuals : 139.859
rel. change during last iteration : -7.93554e-06

degrees of freedom    (FIT_NDF)                        : 98
rms of residuals      (FIT_STDFIT) = sqrt(WSSR/ndf)    : 1.19463
variance of residuals (reduced chisquare) = WSSR/ndf   : 1.42713

Final set of parameters            Asymptotic Standard Error
=======================            ==========================
a               = -0.57408         +/- 0.04014      (6.992%)
b               = 3.47308          +/- 0.2288       (6.587%)

correlation matrix of the fit parameters:
                a      b      
a               1.000 
b              -0.853  1.000 


*******************************************************************************
Tue Feb 16 13:43:07 2021


FIT:    data read from 'lin-reg.txt'
        format = z
        #datapoints = 100
        residuals are weighted equally (unit weight)

function used for fitting: f(x)
	f(x) = a * x + b
fitted parameters initialized with current variable values

iter      chisq       delta/lim  lambda   a             b            
   0 5.0161113303e+03   0.00e+00  4.09e+00    1.000000e+00   1.000000e+00
   3 1.3985909270e+02  -7.94e-01  4.09e-03   -5.740802e-01   3.473082e+00

After 3 iterations the fit converged.
final sum of squares of residuals : 139.859
rel. change during last iteration : -7.93554e-06

degrees of freedom    (FIT_NDF)                        : 98
rms of residuals      (FIT_STDFIT) = sqrt(WSSR/ndf)    : 1.19463
variance of residuals (reduced chisquare) = WSSR/ndf   : 1.42713

Final set of parameters            Asymptotic Standard Error
=======================            ==========================
a               = -0.57408         +/- 0.04014      (6.992%)
b               = 3.47308          +/- 0.2288       (6.587%)

correlation matrix of the fit parameters:
                a      b      
a               1.000 
b              -0.853  1.000 


*******************************************************************************
Tue Feb 16 13:43:44 2021


FIT:    data read from 'lin-reg.txt'
        format = z
        #datapoints = 100
        residuals are weighted equally (unit weight)

function used for fitting: f(x)
	f(x) = a * x + b
fitted parameters initialized with current variable values

iter      chisq       delta/lim  lambda   a             b            
   0 5.0161113303e+03   0.00e+00  4.09e+00    1.000000e+00   1.000000e+00
   3 1.3985909270e+02  -7.94e-01  4.09e-03   -5.740802e-01   3.473082e+00

After 3 iterations the fit converged.
final sum of squares of residuals : 139.859
rel. change during last iteration : -7.93554e-06

degrees of freedom    (FIT_NDF)                        : 98
rms of residuals      (FIT_STDFIT) = sqrt(WSSR/ndf)    : 1.19463
variance of residuals (reduced chisquare) = WSSR/ndf   : 1.42713

Final set of parameters            Asymptotic Standard Error
=======================            ==========================
a               = -0.57408         +/- 0.04014      (6.992%)
b               = 3.47308          +/- 0.2288       (6.587%)

correlation matrix of the fit parameters:
                a      b      
a               1.000 
b              -0.853  1.000 


*******************************************************************************
Tue Feb 16 13:44:40 2021


FIT:    data read from 'lin-reg.txt'
        format = z
        #datapoints = 100
        residuals are weighted equally (unit weight)

function used for fitting: f(x)
	f(x) = a * x + b
fitted parameters initialized with current variable values

iter      chisq       delta/lim  lambda   a             b            
   0 5.0161113303e+03   0.00e+00  4.09e+00    1.000000e+00   1.000000e+00
   3 1.3985909270e+02  -7.94e-01  4.09e-03   -5.740802e-01   3.473082e+00

After 3 iterations the fit converged.
final sum of squares of residuals : 139.859
rel. change during last iteration : -7.93554e-06

degrees of freedom    (FIT_NDF)                        : 98
rms of residuals      (FIT_STDFIT) = sqrt(WSSR/ndf)    : 1.19463
variance of residuals (reduced chisquare) = WSSR/ndf   : 1.42713

Final set of parameters            Asymptotic Standard Error
=======================            ==========================
a               = -0.57408         +/- 0.04014      (6.992%)
b               = 3.47308          +/- 0.2288       (6.587%)

correlation matrix of the fit parameters:
                a      b      
a               1.000 
b              -0.853  1.000 


*******************************************************************************
Tue Feb 16 13:44:48 2021


FIT:    data read from 'lin-reg.txt'
        format = z
        #datapoints = 100
        residuals are weighted equally (unit weight)

function used for fitting: f(x)
	f(x) = a * x + b
fitted parameters initialized with current variable values

iter      chisq       delta/lim  lambda   a             b            
   0 5.0161113303e+03   0.00e+00  4.09e+00    1.000000e+00   1.000000e+00
   3 1.3985909270e+02  -7.94e-01  4.09e-03   -5.740802e-01   3.473082e+00

After 3 iterations the fit converged.
final sum of squares of residuals : 139.859
rel. change during last iteration : -7.93554e-06

degrees of freedom    (FIT_NDF)                        : 98
rms of residuals      (FIT_STDFIT) = sqrt(WSSR/ndf)    : 1.19463
variance of residuals (reduced chisquare) = WSSR/ndf   : 1.42713

Final set of parameters            Asymptotic Standard Error
=======================            ==========================
a               = -0.57408         +/- 0.04014      (6.992%)
b               = 3.47308          +/- 0.2288       (6.587%)

correlation matrix of the fit parameters:
                a      b      
a               1.000 
b              -0.853  1.000 


*******************************************************************************
Tue Feb 16 13:47:41 2021


FIT:    data read from 'lin-reg.txt'
        format = z
        #datapoints = 100
        residuals are weighted equally (unit weight)

function used for fitting: f(x)
	f(x) = a * x + b
fitted parameters initialized with current variable values

iter      chisq       delta/lim  lambda   a             b            
   0 5.0161113303e+03   0.00e+00  4.09e+00    1.000000e+00   1.000000e+00
   3 1.3985909270e+02  -7.94e-01  4.09e-03   -5.740802e-01   3.473082e+00

After 3 iterations the fit converged.
final sum of squares of residuals : 139.859
rel. change during last iteration : -7.93554e-06

degrees of freedom    (FIT_NDF)                        : 98
rms of residuals      (FIT_STDFIT) = sqrt(WSSR/ndf)    : 1.19463
variance of residuals (reduced chisquare) = WSSR/ndf   : 1.42713

Final set of parameters            Asymptotic Standard Error
=======================            ==========================
a               = -0.57408         +/- 0.04014      (6.992%)
b               = 3.47308          +/- 0.2288       (6.587%)

correlation matrix of the fit parameters:
                a      b      
a               1.000 
b              -0.853  1.000 


*******************************************************************************
Tue Feb 16 13:48:05 2021


FIT:    data read from 'lin-reg.txt'
        format = z
        #datapoints = 100
        residuals are weighted equally (unit weight)

function used for fitting: f(x)
	f(x) = a * x + b
fitted parameters initialized with current variable values

iter      chisq       delta/lim  lambda   a             b            
   0 5.0161113303e+03   0.00e+00  4.09e+00    1.000000e+00   1.000000e+00
   3 1.3985909270e+02  -7.94e-01  4.09e-03   -5.740802e-01   3.473082e+00

After 3 iterations the fit converged.
final sum of squares of residuals : 139.859
rel. change during last iteration : -7.93554e-06

degrees of freedom    (FIT_NDF)                        : 98
rms of residuals      (FIT_STDFIT) = sqrt(WSSR/ndf)    : 1.19463
variance of residuals (reduced chisquare) = WSSR/ndf   : 1.42713

Final set of parameters            Asymptotic Standard Error
=======================            ==========================
a               = -0.57408         +/- 0.04014      (6.992%)
b               = 3.47308          +/- 0.2288       (6.587%)

correlation matrix of the fit parameters:
                a      b      
a               1.000 
b              -0.853  1.000 


*******************************************************************************
Tue Feb 16 13:55:27 2021


FIT:    data read from 'lin-reg.txt'
        format = z
        #datapoints = 100
        residuals are weighted equally (unit weight)

function used for fitting: f(x)
	f(x) = a * x + b
fitted parameters initialized with current variable values

iter      chisq       delta/lim  lambda   a             b            
   0 5.0161113303e+03   0.00e+00  4.09e+00    1.000000e+00   1.000000e+00
   3 1.3985909270e+02  -7.94e-01  4.09e-03   -5.740802e-01   3.473082e+00

After 3 iterations the fit converged.
final sum of squares of residuals : 139.859
rel. change during last iteration : -7.93554e-06

degrees of freedom    (FIT_NDF)                        : 98
rms of residuals      (FIT_STDFIT) = sqrt(WSSR/ndf)    : 1.19463
variance of residuals (reduced chisquare) = WSSR/ndf   : 1.42713

Final set of parameters            Asymptotic Standard Error
=======================            ==========================
a               = -0.57408         +/- 0.04014      (6.992%)
b               = 3.47308          +/- 0.2288       (6.587%)

correlation matrix of the fit parameters:
                a      b      
a               1.000 
b              -0.853  1.000 


*******************************************************************************
Tue Feb 16 13:55:49 2021


FIT:    data read from 'lin-reg.txt'
        format = z
        #datapoints = 100
        residuals are weighted equally (unit weight)

function used for fitting: f(x)
	f(x) = a * x + b
fitted parameters initialized with current variable values

iter      chisq       delta/lim  lambda   a             b            
   0 5.0161113303e+03   0.00e+00  4.09e+00    1.000000e+00   1.000000e+00
   3 1.3985909270e+02  -7.94e-01  4.09e-03   -5.740802e-01   3.473082e+00

After 3 iterations the fit converged.
final sum of squares of residuals : 139.859
rel. change during last iteration : -7.93554e-06

degrees of freedom    (FIT_NDF)                        : 98
rms of residuals      (FIT_STDFIT) = sqrt(WSSR/ndf)    : 1.19463
variance of residuals (reduced chisquare) = WSSR/ndf   : 1.42713

Final set of parameters            Asymptotic Standard Error
=======================            ==========================
a               = -0.57408         +/- 0.04014      (6.992%)
b               = 3.47308          +/- 0.2288       (6.587%)

correlation matrix of the fit parameters:
                a      b      
a               1.000 
b              -0.853  1.000 


*******************************************************************************
Tue Feb 16 13:56:58 2021


FIT:    data read from 'lin-reg.txt'
        format = z
        #datapoints = 100
        residuals are weighted equally (unit weight)

function used for fitting: f(x)
	f(x) = a * x + b
fitted parameters initialized with current variable values

iter      chisq       delta/lim  lambda   a             b            
   0 5.0161113303e+03   0.00e+00  4.09e+00    1.000000e+00   1.000000e+00
   3 1.3985909270e+02  -7.94e-01  4.09e-03   -5.740802e-01   3.473082e+00

After 3 iterations the fit converged.
final sum of squares of residuals : 139.859
rel. change during last iteration : -7.93554e-06

degrees of freedom    (FIT_NDF)                        : 98
rms of residuals      (FIT_STDFIT) = sqrt(WSSR/ndf)    : 1.19463
variance of residuals (reduced chisquare) = WSSR/ndf   : 1.42713

Final set of parameters            Asymptotic Standard Error
=======================            ==========================
a               = -0.57408         +/- 0.04014      (6.992%)
b               = 3.47308          +/- 0.2288       (6.587%)

correlation matrix of the fit parameters:
                a      b      
a               1.000 
b              -0.853  1.000 


*******************************************************************************
Tue Feb 16 13:57:59 2021


FIT:    data read from 'lin-reg.txt'
        format = z
        #datapoints = 100
        residuals are weighted equally (unit weight)

function used for fitting: f(x)
	f(x) = a * x + b
fitted parameters initialized with current variable values

iter      chisq       delta/lim  lambda   a             b            
   0 5.0161113303e+03   0.00e+00  4.09e+00    1.000000e+00   1.000000e+00
   3 1.3985909270e+02  -7.94e-01  4.09e-03   -5.740802e-01   3.473082e+00

After 3 iterations the fit converged.
final sum of squares of residuals : 139.859
rel. change during last iteration : -7.93554e-06

degrees of freedom    (FIT_NDF)                        : 98
rms of residuals      (FIT_STDFIT) = sqrt(WSSR/ndf)    : 1.19463
variance of residuals (reduced chisquare) = WSSR/ndf   : 1.42713

Final set of parameters            Asymptotic Standard Error
=======================            ==========================
a               = -0.57408         +/- 0.04014      (6.992%)
b               = 3.47308          +/- 0.2288       (6.587%)

correlation matrix of the fit parameters:
                a      b      
a               1.000 
b              -0.853  1.000 


*******************************************************************************
Tue Feb 16 13:58:39 2021


FIT:    data read from 'lin-reg.txt'
        format = z
        #datapoints = 100
        residuals are weighted equally (unit weight)

function used for fitting: f(x)
	f(x) = a * x + b
fitted parameters initialized with current variable values

iter      chisq       delta/lim  lambda   a             b            
   0 5.0161113303e+03   0.00e+00  4.09e+00    1.000000e+00   1.000000e+00
   3 1.3985909270e+02  -7.94e-01  4.09e-03   -5.740802e-01   3.473082e+00

After 3 iterations the fit converged.
final sum of squares of residuals : 139.859
rel. change during last iteration : -7.93554e-06

degrees of freedom    (FIT_NDF)                        : 98
rms of residuals      (FIT_STDFIT) = sqrt(WSSR/ndf)    : 1.19463
variance of residuals (reduced chisquare) = WSSR/ndf   : 1.42713

Final set of parameters            Asymptotic Standard Error
=======================            ==========================
a               = -0.57408         +/- 0.04014      (6.992%)
b               = 3.47308          +/- 0.2288       (6.587%)

correlation matrix of the fit parameters:
                a      b      
a               1.000 
b              -0.853  1.000 


*******************************************************************************
Tue Feb 16 13:59:06 2021


FIT:    data read from 'lin-reg.txt'
        format = z
        #datapoints = 100
        residuals are weighted equally (unit weight)

function used for fitting: f(x)
	f(x) = a * x + b
fitted parameters initialized with current variable values

iter      chisq       delta/lim  lambda   a             b            
   0 5.0161113303e+03   0.00e+00  4.09e+00    1.000000e+00   1.000000e+00
   3 1.3985909270e+02  -7.94e-01  4.09e-03   -5.740802e-01   3.473082e+00

After 3 iterations the fit converged.
final sum of squares of residuals : 139.859
rel. change during last iteration : -7.93554e-06

degrees of freedom    (FIT_NDF)                        : 98
rms of residuals      (FIT_STDFIT) = sqrt(WSSR/ndf)    : 1.19463
variance of residuals (reduced chisquare) = WSSR/ndf   : 1.42713

Final set of parameters            Asymptotic Standard Error
=======================            ==========================
a               = -0.57408         +/- 0.04014      (6.992%)
b               = 3.47308          +/- 0.2288       (6.587%)

correlation matrix of the fit parameters:
                a      b      
a               1.000 
b              -0.853  1.000 


*******************************************************************************
Tue Feb 16 13:59:40 2021


FIT:    data read from 'lin-reg.txt'
        format = z
        #datapoints = 100
        residuals are weighted equally (unit weight)

function used for fitting: f(x)
	f(x) = a * x + b
fitted parameters initialized with current variable values

iter      chisq       delta/lim  lambda   a             b            
   0 5.0161113303e+03   0.00e+00  4.09e+00    1.000000e+00   1.000000e+00
   3 1.3985909270e+02  -7.94e-01  4.09e-03   -5.740802e-01   3.473082e+00

After 3 iterations the fit converged.
final sum of squares of residuals : 139.859
rel. change during last iteration : -7.93554e-06

degrees of freedom    (FIT_NDF)                        : 98
rms of residuals      (FIT_STDFIT) = sqrt(WSSR/ndf)    : 1.19463
variance of residuals (reduced chisquare) = WSSR/ndf   : 1.42713

Final set of parameters            Asymptotic Standard Error
=======================            ==========================
a               = -0.57408         +/- 0.04014      (6.992%)
b               = 3.47308          +/- 0.2288       (6.587%)

correlation matrix of the fit parameters:
                a      b      
a               1.000 
b              -0.853  1.000 
