

*******************************************************************************
Wed Feb 10 16:27:15 2021


FIT:    data read from 'rawk.dat'
        format = z
        #datapoints = 1000
        residuals are weighted equally (unit weight)

function used for fitting: f(x)
	f(x) = a + b * sqrt(x)
fitted parameters initialized with current variable values

iter      chisq       delta/lim  lambda   a             b            
   0 3.3389390302e+07   0.00e+00  1.58e+01    1.000000e+00   1.000000e+00
   4 1.3826332591e+02  -6.72e-06  1.58e-03   -1.277200e+00   9.263649e+00

After 4 iterations the fit converged.
final sum of squares of residuals : 138.263
rel. change during last iteration : -6.71767e-11

degrees of freedom    (FIT_NDF)                        : 998
rms of residuals      (FIT_STDFIT) = sqrt(WSSR/ndf)    : 0.37221
variance of residuals (reduced chisquare) = WSSR/ndf   : 0.13854

Final set of parameters            Asymptotic Standard Error
=======================            ==========================
a               = -1.2772          +/- 0.03538      (2.77%)
b               = 9.26365          +/- 0.001581     (0.01707%)

correlation matrix of the fit parameters:
                a      b      
a               1.000 
b              -0.943  1.000 


*******************************************************************************
Wed Feb 10 16:31:42 2021


FIT:    data read from 'rawk.dat'
        format = z
        #datapoints = 1000
        residuals are weighted equally (unit weight)

function used for fitting: f(x)
	f(x) = a + b * sqrt(x)
fitted parameters initialized with current variable values

iter      chisq       delta/lim  lambda   a             b            
   0 3.3391240039e+07   0.00e+00  1.58e+01    1.000000e+00   1.000000e+00
   4 1.3942431866e+02  -6.84e-06  1.58e-03   -1.313221e+00   9.265391e+00

After 4 iterations the fit converged.
final sum of squares of residuals : 139.424
rel. change during last iteration : -6.84426e-11

degrees of freedom    (FIT_NDF)                        : 998
rms of residuals      (FIT_STDFIT) = sqrt(WSSR/ndf)    : 0.37377
variance of residuals (reduced chisquare) = WSSR/ndf   : 0.139704

Final set of parameters            Asymptotic Standard Error
=======================            ==========================
a               = -1.31322         +/- 0.03553      (2.705%)
b               = 9.26539          +/- 0.001588     (0.01714%)

correlation matrix of the fit parameters:
                a      b      
a               1.000 
b              -0.943  1.000 
