

*******************************************************************************
Wed Feb 10 16:25:53 2021


FIT:    data read from 'rawk.dat'
        format = z
        #datapoints = 1000
        residuals are weighted equally (unit weight)

function used for fitting: f(x)
	f(x) = a + b * sqrt(x)
fitted parameters initialized with current variable values

iter      chisq       delta/lim  lambda   a             b            
   0 8.1056330588e+03   0.00e+00  1.58e+01    1.000000e+00   1.000000e+00
   4 9.0473997410e-01  -1.78e-04  1.58e-03   -9.659265e-02   9.200209e-01

After 4 iterations the fit converged.
final sum of squares of residuals : 0.90474
rel. change during last iteration : -1.77972e-09

degrees of freedom    (FIT_NDF)                        : 998
rms of residuals      (FIT_STDFIT) = sqrt(WSSR/ndf)    : 0.030109
variance of residuals (reduced chisquare) = WSSR/ndf   : 0.000906553

Final set of parameters            Asymptotic Standard Error
=======================            ==========================
a               = -0.0965927       +/- 0.002862     (2.963%)
b               = 0.920021         +/- 0.0001279    (0.0139%)

correlation matrix of the fit parameters:
                a      b      
a               1.000 
b              -0.943  1.000 


*******************************************************************************
Wed Feb 10 16:31:32 2021


FIT:    data read from 'rawk.dat'
        format = z
        #datapoints = 1000
        residuals are weighted equally (unit weight)

function used for fitting: f(x)
	f(x) = a + b * sqrt(x)
fitted parameters initialized with current variable values

iter      chisq       delta/lim  lambda   a             b            
   0 8.0270361558e+03   0.00e+00  1.58e+01    1.000000e+00   1.000000e+00
   4 1.1439475035e+00  -1.39e-04  1.58e-03   -8.902249e-02   9.203128e-01

After 4 iterations the fit converged.
final sum of squares of residuals : 1.14395
rel. change during last iteration : -1.38816e-09

degrees of freedom    (FIT_NDF)                        : 998
rms of residuals      (FIT_STDFIT) = sqrt(WSSR/ndf)    : 0.0338562
variance of residuals (reduced chisquare) = WSSR/ndf   : 0.00114624

Final set of parameters            Asymptotic Standard Error
=======================            ==========================
a               = -0.0890225       +/- 0.003218     (3.615%)
b               = 0.920313         +/- 0.0001438    (0.01563%)

correlation matrix of the fit parameters:
                a      b      
a               1.000 
b              -0.943  1.000 
